<?xml version="1.0" encoding="UTF-8"?>
<!-- Generated by org.testng.reporters.JUnitXMLReporter -->
<testsuite ignored="1" hostname="PRATHAMs-MacBook-Air.local" failures="0" tests="1" name="Test" time="4.337" errors="0" timestamp="2024-03-15T11:08:07 IST">
  <testcase classname="com.book.testcases.HomePageTest" name="navigateToHomePage" time="0.082"/>
  <testcase classname="com.book.testcases.HomePageTest" name="navigateToLoginPage" time="0.0">
    <ignored/>
  </testcase> <!-- navigateToLoginPage -->
</testsuite> <!-- Test -->
