<?xml version="1.0" encoding="UTF-8"?>
<!-- Generated by org.testng.reporters.JUnitXMLReporter -->
<testsuite ignored="0" hostname="PRATHAMs-MacBook-Air.local" failures="1" tests="4" name="Test" time="43.789" errors="0" timestamp="2024-03-16T00:06:51 IST">
  <testcase classname="com.book.testcases.GiftCardTest" name="testGiftCard" time="3.02">
    <skipped/>
  </testcase> <!-- testGiftCard -->
  <testcase classname="com.book.testcases.GiftCardTest" name="testGiftCard" time="2.704">
    <skipped/>
  </testcase> <!-- testGiftCard -->
  <testcase classname="com.book.testcases.GiftCardTest" name="testGiftCard" time="2.725">
    <failure type="java.lang.AssertionError" message="expected [true] but found [false]">
      <![CDATA[java.lang.AssertionError: expected [true] but found [false]
at com.book.testcases.GiftCardTest.testGiftCard(GiftCardTest.java:59)
at java.base/java.util.ArrayList.forEach(ArrayList.java:1511)
... Removed 31 stack frames]]>
    </failure>
  </testcase> <!-- testGiftCard -->
  <testcase classname="com.book.testcases.GiftCardTest" name="giftCardHandlingError" time="18.049"/>
</testsuite> <!-- Test -->
