<?xml version="1.0" encoding="UTF-8"?>
<testng-results ignored="0" total="1" passed="1" failed="0" skipped="0">
  <reporter-output>
  </reporter-output>
  <suite started-at="2024-03-14T13:24:40 IST" name="Default suite" finished-at="2024-03-14T13:24:49 IST" duration-ms="9604">
    <groups>
    </groups>
    <test started-at="2024-03-14T13:24:40 IST" name="Default test" finished-at="2024-03-14T13:24:49 IST" duration-ms="9604">
      <class name="com.book.testcases.WardrobeTest">
        <test-method is-config="true" signature="setUp()[pri:0, instance:com.book.testcases.WardrobeTest@bef2d72]" started-at="2024-03-14T13:24:40 IST" name="setUp" finished-at="2024-03-14T13:24:44 IST" duration-ms="4383" status="PASS">
          <reporter-output>
          </reporter-output>
        </test-method> <!-- setUp -->
        <test-method signature="warDrobeTest()[pri:0, instance:com.book.testcases.WardrobeTest@bef2d72]" started-at="2024-03-14T13:24:44 IST" name="warDrobeTest" finished-at="2024-03-14T13:24:49 IST" duration-ms="5091" status="PASS">
          <reporter-output>
          </reporter-output>
        </test-method> <!-- warDrobeTest -->
        <test-method is-config="true" signature="tearDown()[pri:0, instance:com.book.testcases.WardrobeTest@bef2d72]" started-at="2024-03-14T13:24:49 IST" name="tearDown" finished-at="2024-03-14T13:24:49 IST" duration-ms="112" status="PASS">
          <reporter-output>
          </reporter-output>
        </test-method> <!-- tearDown -->
      </class> <!-- com.book.testcases.WardrobeTest -->
    </test> <!-- Default test -->
  </suite> <!-- Default suite -->
</testng-results>
